[2025-06-15 11:29:53] Database Connection Status: Connected
[2025-06-15 11:29:53] Attempting login - Username: john, Role: dev
[2025-06-15 11:29:53] Total users in database: 2
[2025-06-15 11:29:53] Existing User - Username: john, Role: admin
[2025-06-15 11:29:53] Existing User - Username: nemz, Role: user
[2025-06-15 11:29:53] Query result rows: 0
[2025-06-15 11:29:53] No matching user found for Username: john, Role: dev
[2025-06-15 11:30:05] Database Connection Status: Connected
[2025-06-15 11:30:05] Attempting login - Username: john, Role: dev
[2025-06-15 11:30:05] Total users in database: 2
[2025-06-15 11:30:05] Existing User - Username: john, Role: admin
[2025-06-15 11:30:05] Existing User - Username: nemz, Role: user
[2025-06-15 11:30:05] Query result rows: 0
[2025-06-15 11:30:05] No matching user found for Username: john, Role: dev
[2025-06-15 11:30:13] Database Connection Status: Connected
[2025-06-15 11:30:13] Attempting login - Username: john, Role: staff
[2025-06-15 11:30:13] Total users in database: 2
[2025-06-15 11:30:13] Existing User - Username: john, Role: admin
[2025-06-15 11:30:13] Existing User - Username: nemz, Role: user
[2025-06-15 11:30:13] Query result rows: 0
[2025-06-15 11:30:13] No matching user found for Username: john, Role: staff
