[2025-06-19 07:55:49] Failed login attempt: Incorrect password for admin user 'john'
[2025-06-19 07:56:03] Failed login attempt: Incorrect password for admin user 'john'
[2025-06-19 08:01:37] Failed login attempt: Incorrect password for admin user 'john'
[2025-06-19 08:02:15] Failed login attempt: Incorrect password for admin user 'john'
[2025-06-19 08:13:07] Successful login for admin user: 'john'
[2025-07-23 07:06:26] Successful login for admin user: 'john'
[2025-07-23 08:36:14] Successful login for admin user: 'john'
[2025-07-23 08:37:01] Successful login for admin user: 'john'
[2025-07-24 09:48:13] Successful login for admin user: 'john'
[2025-07-24 09:50:11] Successful login for admin user: 'john'
[2025-07-24 09:50:46] Successful login for admin user: 'john'
[2025-07-24 10:07:53] Successful login for admin user: 'john'
[2025-07-24 10:07:53] About to redirect to admin_loggedin_index.php
[2025-07-24 10:12:23] Successful login for admin user: 'john'
[2025-07-24 10:12:23] About to redirect to admin_loggedin_index.php
[2025-07-24 10:17:24] Successful login for admin user: 'john'
[2025-07-27 07:12:18] Successful login for admin user: 'john'
[2025-08-09 06:30:39] Successful login for admin user: 'john'
[2025-08-11 07:18:08] Successful login for admin user: 'john'
[2025-08-11 15:08:22] Successful login for admin user: 'john'
<<<<<<< HEAD
[2025-08-13 15:05:29] Successful login for admin user: 'john'
=======
[2025-08-13 14:48:15] Successful login for admin user: 'john'
>>>>>>> 2c1b3871f2c9fdfea293e11a975496ac6ab4f972
[2025-08-21 11:55:37] Successful login for admin user: 'john'
[2025-08-25 06:20:28] Successful login for admin user: 'john'
[2025-08-26 09:10:20] Successful login for admin user: 'john'
[2025-08-26 15:13:32] Successful login for admin user: 'john'
[2025-08-27 03:59:11] Successful login for admin user: 'john'
[2025-08-27 15:43:06] Successful login for admin user: 'john'
[2025-09-01 20:57:49] Successful login for admin user: 'john'
[2025-09-02 11:29:55] Successful login for admin user: 'john'
[2025-09-02 11:29:55] Successful login for admin user: 'john'
[2025-09-03 17:19:12] Successful login for admin user: 'john'
[2025-09-03 17:19:12] Successful login for admin user: 'john'
[2025-09-08 05:21:42] Successful login for admin user: 'john'
[2025-09-08 05:21:42] Successful login for admin user: 'john'
[2025-09-08 09:05:36] Successful login for admin user: 'john'
[2025-09-08 09:19:48] Successful login for admin user: 'john'
[2025-09-08 09:19:48] Successful login for admin user: 'john'
[2025-09-08 09:25:36] Successful login for admin user: 'john'
[2025-09-10 18:35:55] Successful login for admin user: 'john'
[2025-09-14 00:07:20] Successful login for admin user: 'john'
[2025-09-14 10:15:33] Successful login for admin user: 'john'
[2025-09-17 09:51:24] Successful login for admin user: 'john'
[2025-09-19 15:40:26] Successful login for admin user: 'john'
[2025-09-19 15:40:26] Successful login for admin user: 'john'
[2025-09-19 15:51:30] Successful login for admin user: 'john'
[2025-09-19 15:51:30] Successful login for admin user: 'john'
[2025-09-19 15:59:42] Successful login for admin user: 'john'
[2025-09-19 15:59:42] Successful login for admin user: 'john'
[2025-09-19 16:04:08] Successful login for admin user: 'john'
[2025-09-19 16:04:08] Successful login for admin user: 'john'
[2025-09-19 16:08:07] Successful login for admin user: 'john'
[2025-09-19 16:08:07] Successful login for admin user: 'john'
[2025-09-20 12:22:38] Successful login for admin user: 'john'
[2025-09-21 10:45:44] Successful login for admin user: 'john'
[2025-09-21 15:48:14] Successful login for admin user: 'john'
[2025-09-21 16:10:32] Successful login for admin user: 'john'
[2025-09-22 01:40:49] Successful login for admin user: 'john'
[2025-09-22 09:05:34] Successful login for admin user: 'john'
[2025-09-22 10:30:35] Successful login for admin user: 'john'
[2025-09-23 05:03:20] Successful login for admin user: 'john'
[2025-09-23 05:03:20] Successful login for admin user: 'john'
[2025-09-24 02:14:00] Successful login for admin user: 'john'
[2025-09-24 03:33:12] Failed login attempt: No admin user found with username 'blue'
[2025-09-24 03:44:34] Successful login for reviewer user: 'blue'
[2025-09-24 03:49:51] Successful login for admin user: 'john'
[2025-09-24 08:24:49] Successful login for reviewer user: 'blue'
[2025-09-26 15:27:46] Failed login attempt: Incorrect password for user 'john' with role 'admin'
[2025-09-26 15:28:57] Successful login for admin user: 'john'
[2025-09-28 08:44:06] Failed login attempt: No admin/reviewer user found with username 'john'
[2025-09-28 08:44:58] Successful login for admin user: 'john'
[2025-09-29 05:41:05] Successful login for admin user: 'john'
[2025-10-03 14:19:16] Successful login for admin user: 'john'
[2025-10-04 13:22:59] Successful login for admin user: 'john'
[2025-10-06 12:49:18] Successful login for admin user: 'john'
[2025-10-06 20:21:36] Successful login for admin user: 'john'
[2025-10-06 20:28:32] Successful login for admin user: 'john'
[2025-10-06 21:28:10] Failed login attempt: No admin/reviewer user found with username 'jane'
[2025-10-06 21:28:14] Successful login for admin user: 'john'
[2025-10-07 00:06:08] Successful login for reviewer user: 'jane'
<<<<<<< HEAD
[2025-10-07 01:45:38] Successful login for admin user: 'john'
[2025-10-07 06:44:21] Successful login for admin user: 'john'
[2025-10-08 03:52:59] Successful login for admin user: 'john'
[2025-10-08 20:34:19] Successful login for admin user: 'john'
[2025-10-09 00:24:57] Successful login for reviewer user: 'jane'
[2025-10-09 01:33:16] Successful login for reviewer user: 'jane'
[2025-10-09 01:53:55] Successful login for admin user: 'john'
[2025-10-09 03:01:10] Successful login for admin user: 'john'
[2025-10-09 03:09:49] Successful login for reviewer user: 'jane'
[2025-10-09 03:11:37] Successful login for admin user: 'john'
[2025-10-09 03:28:10] Successful login for admin user: 'john'
[2025-10-09 04:03:49] Successful login for admin user: 'john'
[2025-10-09 04:12:49] Successful login for admin user: 'john'
[2025-10-09 07:52:27] Successful login for admin user: 'john'
[2025-10-09 08:02:37] Successful login for admin user: 'john'
=======
[2025-10-08 03:41:08] Successful login for admin user: 'john'
[2025-10-08 03:45:59] Successful login for admin user: 'john'
>>>>>>> a5c290e80f2069a6285396c7325facd972a94f4b
[2025-10-14 14:55:32] Successful login for admin user: 'john'
[2025-10-15 14:53:54] Successful login for admin user: 'john'
[2025-10-16 11:18:31] Successful login for admin user: 'john'
[2025-10-17 11:10:49] Successful login for admin user: 'john'
[2025-10-20 15:30:11] Successful login for admin user: 'john'
[2025-10-29 19:05:49] Successful login for admin user: 'john'
[2025-10-30 18:42:20] Successful login for admin user: 'john'
<<<<<<< HEAD
[2025-11-01 13:09:45] Successful login for admin user: 'john'
[2025-11-01 13:19:09] Successful login for admin user: 'john'
[2025-11-01 15:21:48] Successful login for admin user: 'john'
[2025-11-01 16:49:25] Successful login for admin user: 'john'
[2025-11-01 16:54:53] Successful login for admin user: 'john'
[2025-11-02 03:25:10] Successful login for admin user: 'john'
[2025-11-02 05:55:47] Successful login for admin user: 'john'
[2025-11-02 06:06:32] Successful login for admin user: 'john'
[2025-11-02 06:10:56] Successful login for admin user: 'john'
[2025-11-02 06:20:18] Successful login for admin user: 'john'
[2025-11-02 08:56:11] Successful login for admin user: 'john'
[2025-11-02 08:57:24] Failed login attempt: Incorrect password for user 'john' with role 'admin'
[2025-11-02 08:57:30] Successful login for admin user: 'john'
[2025-11-02 08:58:05] Successful login for admin user: 'Eula'
[2025-11-02 08:59:47] Successful login for admin user: 'Eula'
[2025-11-02 09:00:56] Successful login for admin user: 'Eula'
[2025-11-02 11:15:11] Successful login for admin user: 'john'
[2025-11-02 17:29:22] Successful login for admin user: 'eula'
[2025-11-03 00:58:21] Successful login for admin user: 'john'
[2025-11-03 06:54:11] Successful login for admin user: 'eula'
[2025-11-04 14:28:27] Successful login for admin user: 'Eula'
=======
[2025-11-03 18:28:16] Successful login for admin user: 'john'
>>>>>>> f45e10da8af2b1313eda66040e71a60f38f3366c
[2025-11-18 17:04:37] Successful login for admin user: 'john'
[2025-11-18 17:09:11] Successful login for admin user: 'john'
[2025-11-26 09:07:57] Successful login for admin user: 'john'
[2025-11-27 09:53:09] Successful login for admin user: 'john'
[2025-11-28 08:11:48] Successful login for admin user: 'John'
[2025-11-28 08:45:39] Successful login for admin user: 'john'
[2025-11-30 07:28:08] Successful login for admin user: 'john'
[2025-11-30 08:01:21] Successful login for admin user: 'john'
